python tools/verify_dataset.py data/returns_daily.csv --registry data/registry.json
PYTHONPATH=src:. OMP_NUM_THREADS=1 python3 experiments/eval/run.py \
	--returns-csv data/returns_daily.csv \
	--window 126 \
	--horizon 21 \
	--start 2018-01-01 \
	--end 2024-12-31 \
	--assets-top 80 \
	--group-design vol \
	--group-min-count 3 \
	--group-min-replicates 10 \
	--edge-mode tyler \
	--shrinker oas \
	--prewhiten off \
	--gate-delta-calibration calibration/edge_delta_thresholds.json \
	--gate-delta-frac-min 0.02 \
	--require-isolated \
	--q-max 1 \
	--mv-gamma 1e-4 \
	--mv-box 0.0,0.1 \
	--mv-turnover-bps 5 \
	--mv-condition-cap 1000000 \
	--out reports/rc-20251107/vol-tyler
[diagnostics] prewhiten=off r2_mean=0.000 residual_energy=0.000 acceptance_delta=0.000 detection_rate=0.000 edge_margin=0.000 alignment=0.000 substitution=0.000
